term/manifest-merger-release-report.txt
-- Merging decision tree log ---
manifest
ADDED from AndroidManifest.xml:2:1
	package
		ADDED from AndroidManifest.xml:3:5
		INJECTED from AndroidManifest.xml:0:0
		INJECTED from AndroidManifest.xml:0:0
	android:versionName
		ADDED from AndroidManifest.xml:4:7
	android:versionCode
		ADDED from AndroidManifest.xml:5:7
		INJECTED from AndroidManifest.xml:0:0
		INJECTED from AndroidManifest.xml:0:0
	xmlns:android
		ADDED from AndroidManifest.xml:2:11
	android:installLocation
		ADDED from AndroidManifest.xml:6:7
uses-sdk
ADDED from AndroidManifest.xml:7:5
MERGED from Android-Terminal-Emulator:emulatorview:unspecified:7:5
	android:targetSdkVersion
		ADDED from AndroidManifest.xml:7:41
		INJECTED from AndroidManifest.xml:0:0
		INJECTED from AndroidManifest.xml:0:0
	android:minSdkVersion
		ADDED from AndroidManifest.xml:7:15
		INJECTED from AndroidManifest.xml:0:0
		INJECTED from AndroidManifest.xml:0:0
uses-feature#android.hardware.touchscreen
ADDED from AndroidManifest.xml:8:5
	android:required
		ADDED from AndroidManifest.xml:8:63
	android:name
		ADDED from AndroidManifest.xml:8:19
uses-permission#android.permission.INTERNET
ADDED from AndroidManifest.xml:9:5
	android:name
		ADDED from AndroidManifest.xml:9:22
uses-permission#android.permission.READ_EXTERNAL_STORAGE
ADDED from AndroidManifest.xml:10:5
	android:name
		ADDED from AndroidManifest.xml:10:22
uses-permission#android.permission.WRITE_EXTERNAL_STORAGE
ADDED from AndroidManifest.xml:11:5
	android:name
		ADDED from AndroidManifest.xml:11:22
uses-permission#android.permission.ACCESS_SUPERUSER
ADDED from AndroidManifest.xml:12:5
	android:name
		ADDED from AndroidManifest.xml:12:22
uses-permission#android.permission.WAKE_LOCK
ADDED from AndroidManifest.xml:13:5
	android:name
		ADDED from AndroidManifest.xml:13:22
permission#jackpal.androidterm.permission.RUN_SCRIPT
ADDED from AndroidManifest.xml:14:5
	android:label
		ADDED from AndroidManifest.xml:15:17
	android:protectionLevel
		ADDED from AndroidManifest.xml:18:17
	android:permissionGroup
		ADDED from AndroidManifest.xml:17:17
	android:description
		ADDED from AndroidManifest.xml:16:17
	android:name
		ADDED from AndroidManifest.xml:14:17
permission#jackpal.androidterm.permission.APPEND_TO_PATH
ADDED from AndroidManifest.xml:19:5
	android:label
		ADDED from AndroidManifest.xml:20:17
	android:protectionLevel
		ADDED from AndroidManifest.xml:23:17
	android:permissionGroup
		ADDED from AndroidManifest.xml:22:17
	android:description
		ADDED from AndroidManifest.xml:21:17
	android:name
		ADDED from AndroidManifest.xml:19:17
permission#jackpal.androidterm.permission.PREPEND_TO_PATH
ADDED from AndroidManifest.xml:24:5
	android:label
		ADDED from AndroidManifest.xml:25:17
	android:protectionLevel
		ADDED from AndroidManifest.xml:28:17
	android:permissionGroup
		ADDED from AndroidManifest.xml:27:17
	android:description
		ADDED from AndroidManifest.xml:26:17
	android:name
		ADDED from AndroidManifest.xml:24:17
application
ADDED from AndroidManifest.xml:29:5
	android:label
		ADDED from AndroidManifest.xml:30:17
	android:hardwareAccelerated
		ADDED from AndroidManifest.xml:31:17
	android:icon
		ADDED from AndroidManifest.xml:29:18
activity#jackpal.androidterm.Term
ADDED from AndroidManifest.xml:32:9
	android:launchMode
		ADDED from AndroidManifest.xml:34:17
	android:windowSoftInputMode
		ADDED from AndroidManifest.xml:36:17
	android:configChanges
		ADDED from AndroidManifest.xml:35:17
	android:theme
		ADDED from AndroidManifest.xml:33:17
	android:name
		ADDED from AndroidManifest.xml:32:19
intent-filter#android.intent.action.MAIN+android.intent.category.LAUNCHER+android.intent.category.MULTIWINDOW_LAUNCHER
ADDED from AndroidManifest.xml:37:13
action#android.intent.action.MAIN
ADDED from AndroidManifest.xml:38:17
	android:name
		ADDED from AndroidManifest.xml:38:25
category#android.intent.category.LAUNCHER
ADDED from AndroidManifest.xml:39:17
	android:name
		ADDED from AndroidManifest.xml:39:27
category#android.intent.category.MULTIWINDOW_LAUNCHER
ADDED from AndroidManifest.xml:40:17
	android:name
		ADDED from AndroidManifest.xml:40:27
activity-alias#jackpal.androidterm.TermInternal
ADDED from AndroidManifest.xml:43:9
	android:exported
		ADDED from AndroidManifest.xml:45:17
	android:targetActivity
		ADDED from AndroidManifest.xml:44:17
	android:name
		ADDED from AndroidManifest.xml:43:25
intent-filter#android.intent.category.DEFAULT+jackpal.androidterm.private.OPEN_NEW_WINDOW
ADDED from AndroidManifest.xml:46:13
action#jackpal.androidterm.private.OPEN_NEW_WINDOW
ADDED from AndroidManifest.xml:47:17
	android:name
		ADDED from AndroidManifest.xml:47:25
category#android.intent.category.DEFAULT
ADDED from AndroidManifest.xml:48:17
	android:name
		ADDED from AndroidManifest.xml:48:27
intent-filter#android.intent.category.DEFAULT+jackpal.androidterm.private.SWITCH_WINDOW
ADDED from AndroidManifest.xml:50:13
action#jackpal.androidterm.private.SWITCH_WINDOW
ADDED from AndroidManifest.xml:51:17
	android:name
		ADDED from AndroidManifest.xml:51:25
activity#jackpal.androidterm.RemoteInterface
ADDED from AndroidManifest.xml:55:9
	android:excludeFromRecents
		ADDED from AndroidManifest.xml:56:17
	android:name
		ADDED from AndroidManifest.xml:55:19
intent-filter#android.intent.category.DEFAULT+jackpal.androidterm.OPEN_NEW_WINDOW
ADDED from AndroidManifest.xml:57:13
action#jackpal.androidterm.OPEN_NEW_WINDOW
ADDED from AndroidManifest.xml:58:17
	android:name
		ADDED from AndroidManifest.xml:58:25
activity-alias#jackpal.androidterm.TermHere
ADDED from AndroidManifest.xml:62:9
	android:label
		ADDED from AndroidManifest.xml:64:17
	android:exported
		ADDED from AndroidManifest.xml:66:17
	android:targetActivity
		ADDED from AndroidManifest.xml:65:17
	android:name
		ADDED from AndroidManifest.xml:63:17
intent-filter#android.intent.action.SEND+android.intent.category.DEFAULT
ADDED from AndroidManifest.xml:68:13
action#android.intent.action.SEND
ADDED from AndroidManifest.xml:69:17
	android:name
		ADDED from AndroidManifest.xml:69:25
data
ADDED from AndroidManifest.xml:70:17
	android:mimeType
		ADDED from AndroidManifest.xml:70:23
activity#jackpal.androidterm.RunScript
ADDED from AndroidManifest.xml:74:9
	android:excludeFromRecents
		ADDED from AndroidManifest.xml:75:17
	android:permission
		ADDED from AndroidManifest.xml:76:17
	android:name
		ADDED from AndroidManifest.xml:74:19
intent-filter#android.intent.category.DEFAULT+jackpal.androidterm.RUN_SCRIPT
ADDED from AndroidManifest.xml:77:13
action#jackpal.androidterm.RUN_SCRIPT
ADDED from AndroidManifest.xml:78:17
	android:name
		ADDED from AndroidManifest.xml:78:25
activity#jackpal.androidterm.TermPreferences
ADDED from AndroidManifest.xml:82:9
	android:label
		ADDED from AndroidManifest.xml:83:17
	android:name
		ADDED from AndroidManifest.xml:82:19
activity#jackpal.androidterm.WindowList
ADDED from AndroidManifest.xml:84:9
	android:label
		ADDED from AndroidManifest.xml:85:17
	android:name
		ADDED from AndroidManifest.xml:84:19
service#jackpal.androidterm.TermService
ADDED from AndroidManifest.xml:86:9
	android:name
		ADDED from AndroidManifest.xml:86:18
activity#jackpal.androidterm.shortcuts.AddShortcut
ADDED from AndroidManifest.xml:87:5
	android:label
		ADDED from AndroidManifest.xml:88:7
	android:launchMode
		ADDED from AndroidManifest.xml:90:7
	android:configChanges
		ADDED from AndroidManifest.xml:92:7
	android:theme
		ADDED from AndroidManifest.xml:91:7
	android:name
		ADDED from AndroidManifest.xml:89:7
intent-filter#android.intent.action.MAIN
ADDED from AndroidManifest.xml:94:7
intent-filter#android.intent.action.CREATE_SHORTCUT
ADDED from AndroidManifest.xml:97:7
action#android.intent.action.CREATE_SHORTCUT
ADDED from AndroidManifest.xml:98:9
	android:name
		ADDED from AndroidManifest.xml:98:17
intent-filter#android.intent.category.DEFAULT
ADDED from AndroidManifest.xml:100:7
activity#jackpal.androidterm.shortcuts.FSNavigator
ADDED from AndroidManifest.xml:105:5
	android:label
		ADDED from AndroidManifest.xml:107:7
	android:launchMode
		ADDED from AndroidManifest.xml:108:7
	android:exported
		ADDED from AndroidManifest.xml:110:7
	android:configChanges
		ADDED from AndroidManifest.xml:109:7
	android:name
		ADDED from AndroidManifest.xml:106:7
intent-filter#android.intent.action.PICK+android.intent.category.DEFAULT
ADDED from AndroidManifest.xml:112:7
action#android.intent.action.PICK
ADDED from AndroidManifest.xml:113:9
	android:name
		ADDED from AndroidManifest.xml:113:17
intent-filter#android.intent.action.GET_CONTENT+android.intent.category.DEFAULT+android.intent.category.OPENABLE
ADDED from AndroidManifest.xml:116:7
action#android.intent.action.GET_CONTENT
ADDED from AndroidManifest.xml:117:9
	android:name
		ADDED from AndroidManifest.xml:117:17
category#android.intent.category.OPENABLE
ADDED from AndroidManifest.xml:119:9
	android:name
		ADDED from AndroidManifest.xml:119:19
meta-data#com.sec.android.support.multiwindow
ADDED from AndroidManifest.xml:123:5
	android:value
		ADDED from AndroidManifest.xml:125:7
	android:name
		ADDED from AndroidManifest.xml:124:7